生成启动时间为 2018/7/2 16:46:49。
     1>项目“C:\Users\jnetk\OneDrive\文档\Visual Studio 2013\Projects\facerecodll\facerecodll.vcxproj”在节点 2 上(Rebuild 个目标)。
     1>ClCompile:
         C:\Program Files (x86)\Microsoft Visual Studio 12.0\VC\bin\CL.exe /c /Zi /nologo /W3 /WX- /sdl /O2 /Oi /Oy- /GL /D WIN32 /D NDEBUG /D _WINDOWS /D _USRDLL /D FACERECODLL_EXPORTS /D _WINDLL /D _UNICODE /D UNICODE /Gm- /EHsc /MDd /GS /Gy /fp:precise /Zc:wchar_t /Zc:forScope /Yc"stdafx.h" /Fp"Release\facerecodll.pch" /Fo"Release\\" /Fd"Release\vc120.pdb" /Gd /TP /analyze- /errorReport:prompt /D _CRT_SECURE_NO_WARNINGS stdafx.cpp
         stdafx.cpp
         C:\Program Files (x86)\Microsoft Visual Studio 12.0\VC\bin\CL.exe /c /Zi /nologo /W3 /WX- /sdl /O2 /Oi /Oy- /GL /D WIN32 /D NDEBUG /D _WINDOWS /D _USRDLL /D FACERECODLL_EXPORTS /D _WINDLL /D _UNICODE /D UNICODE /Gm- /EHsc /MDd /GS /Gy /fp:precise /Zc:wchar_t /Zc:forScope /Fo"Release\\" /Fd"Release\vc120.pdb" /Gd /TP /analyze- /errorReport:prompt /D _CRT_SECURE_NO_WARNINGS dllmain.cpp
         dllmain.cpp
         C:\Program Files (x86)\Microsoft Visual Studio 12.0\VC\bin\CL.exe /c /Zi /nologo /W3 /WX- /sdl /O2 /Oi /Oy- /GL /D WIN32 /D NDEBUG /D _WINDOWS /D _USRDLL /D FACERECODLL_EXPORTS /D _WINDLL /D _UNICODE /D UNICODE /Gm- /EHsc /MDd /GS /Gy /fp:precise /Zc:wchar_t /Zc:forScope /Yu"stdafx.h" /Fp"Release\facerecodll.pch" /Fo"Release\\" /Fd"Release\vc120.pdb" /Gd /TP /analyze- /errorReport:prompt /D _CRT_SECURE_NO_WARNINGS facerecodll.cpp
         facerecodll.cpp
     1>C:\Users\jnetk\OneDrive\文档\Visual Studio 2013\Projects\facerecodll\inc\merror.h : warning C4819: 该文件包含不能在当前代码页(936)中表示的字符。请将该文件保存为 Unicode 格式以防止数据丢失
       Link:
         C:\Program Files (x86)\Microsoft Visual Studio 12.0\VC\bin\link.exe /ERRORREPORT:PROMPT /OUT:"C:\Users\jnetk\OneDrive\文档\Visual Studio 2013\Projects\facerecodll\Release\facerecodll.dll" /INCREMENTAL:NO /NOLOGO /DEF:"facerecodll.def" /MANIFEST /MANIFESTUAC:"level='asInvoker' uiAccess='false'" /manifest:embed /manifestinput:"C:\Program Files (x86)\Microsoft Visual Studio 12.0\VC\Include\Manifest\dpiaware.manifest" /DEBUG /PDB:"C:\Users\jnetk\OneDrive\文档\Visual Studio 2013\Projects\facerecodll\Release\facerecodll.pdb" /SUBSYSTEM:WINDOWS /OPT:REF /OPT:ICF /LTCG /TLBID:1 /DYNAMICBASE /NXCOMPAT /IMPLIB:"C:\Users\jnetk\OneDrive\文档\Visual Studio 2013\Projects\facerecodll\Release\facerecodll.lib" /MACHINE:X86 /SAFESEH /DLL Release\dllmain.obj
         Release\facerecodll.obj
         Release\stdafx.obj
         libarcsoft_fsdk_face_detection.lib
         libarcsoft_fsdk_face_recognition.lib
            正在创建库 C:\Users\jnetk\OneDrive\文档\Visual Studio 2013\Projects\facerecodll\Release\facerecodll.lib 和对象 C:\Users\jnetk\OneDrive\文档\Visual Studio 2013\Projects\facerecodll\Release\facerecodll.exp
         正在生成代码
         已完成代码的生成
         facerecodll.vcxproj -> C:\Users\jnetk\OneDrive\文档\Visual Studio 2013\Projects\facerecodll\Release\facerecodll.dll
     1>已完成生成项目“C:\Users\jnetk\OneDrive\文档\Visual Studio 2013\Projects\facerecodll\facerecodll.vcxproj”(Rebuild 个目标)的操作。

生成成功。

已用时间 00:00:01.38
